{"D:\\projetos-samuel\\projetos-viceri\\back-end-viceri\\src\\index.js": {"path":"D:\\projetos-samuel\\projetos-viceri\\back-end-viceri\\src\\index.js","statementMap":{"0":{"start":{"line":1,"column":16},"end":{"line":1,"column":34}},"1":{"start":{"line":2,"column":12},"end":{"line":2,"column":21}},"2":{"start":{"line":3,"column":0},"end":{"line":3,"column":27}},"3":{"start":{"line":5,"column":21},"end":{"line":5,"column":45}},"4":{"start":{"line":6,"column":18},"end":{"line":6,"column":47}},"5":{"start":{"line":8,"column":22},"end":{"line":8,"column":55}},"6":{"start":{"line":9,"column":21},"end":{"line":9,"column":53}},"7":{"start":{"line":10,"column":24},"end":{"line":10,"column":63}},"8":{"start":{"line":12,"column":23},"end":{"line":37,"column":1}},"9":{"start":{"line":39,"column":20},"end":{"line":39,"column":48}},"10":{"start":{"line":42,"column":0},"end":{"line":42,"column":68}},"11":{"start":{"line":44,"column":0},"end":{"line":44,"column":24}},"12":{"start":{"line":46,"column":0},"end":{"line":46,"column":40}},"13":{"start":{"line":47,"column":0},"end":{"line":47,"column":38}},"14":{"start":{"line":49,"column":0},"end":{"line":49,"column":61}},"15":{"start":{"line":49,"column":27},"end":{"line":49,"column":59}},"16":{"start":{"line":64,"column":0},"end":{"line":66,"column":3}},"17":{"start":{"line":65,"column":2},"end":{"line":65,"column":79}},"18":{"start":{"line":68,"column":13},"end":{"line":68,"column":37}},"19":{"start":{"line":69,"column":15},"end":{"line":69,"column":78}},"20":{"start":{"line":69,"column":38},"end":{"line":69,"column":77}},"21":{"start":{"line":71,"column":0},"end":{"line":71,"column":33}}},"fnMap":{"0":{"name":"(anonymous_0)","decl":{"start":{"line":49,"column":13},"end":{"line":49,"column":14}},"loc":{"start":{"line":49,"column":27},"end":{"line":49,"column":59}},"line":49},"1":{"name":"(anonymous_1)","decl":{"start":{"line":64,"column":40},"end":{"line":64,"column":41}},"loc":{"start":{"line":64,"column":54},"end":{"line":66,"column":1}},"line":64},"2":{"name":"(anonymous_2)","decl":{"start":{"line":69,"column":32},"end":{"line":69,"column":33}},"loc":{"start":{"line":69,"column":38},"end":{"line":69,"column":77}},"line":69}},"branchMap":{"0":{"loc":{"start":{"line":68,"column":13},"end":{"line":68,"column":37}},"type":"binary-expr","locations":[{"start":{"line":68,"column":13},"end":{"line":68,"column":29}},{"start":{"line":68,"column":33},"end":{"line":68,"column":37}}],"line":68}},"s":{"0":1,"1":1,"2":1,"3":1,"4":1,"5":1,"6":1,"7":1,"8":1,"9":1,"10":1,"11":1,"12":1,"13":1,"14":1,"15":1,"16":1,"17":0,"18":1,"19":1,"20":1,"21":1},"f":{"0":1,"1":0,"2":1},"b":{"0":[1,1]},"_coverageSchema":"1a1c01bbd47fc00a2c39e90264f33305004495a9","hash":"578cc77e2e6b410ff90aa73ae80291115501a29d"}
,"D:\\projetos-samuel\\projetos-viceri\\back-end-viceri\\src\\swagger.js": {"path":"D:\\projetos-samuel\\projetos-viceri\\back-end-viceri\\src\\swagger.js","statementMap":{"0":{"start":{"line":1,"column":21},"end":{"line":1,"column":45}},"1":{"start":{"line":2,"column":18},"end":{"line":2,"column":47}},"2":{"start":{"line":4,"column":16},"end":{"line":15,"column":1}},"3":{"start":{"line":17,"column":14},"end":{"line":17,"column":35}},"4":{"start":{"line":20,"column":2},"end":{"line":20,"column":64}},"5":{"start":{"line":23,"column":0},"end":{"line":23,"column":30}}},"fnMap":{"0":{"name":"setupSwagger","decl":{"start":{"line":19,"column":9},"end":{"line":19,"column":21}},"loc":{"start":{"line":19,"column":27},"end":{"line":21,"column":1}},"line":19}},"branchMap":{},"s":{"0":1,"1":1,"2":1,"3":1,"4":1,"5":1},"f":{"0":1},"b":{},"_coverageSchema":"1a1c01bbd47fc00a2c39e90264f33305004495a9","hash":"e72fe1d36b92652da023eb3898fe30aba9caf6e4"}
,"D:\\projetos-samuel\\projetos-viceri\\back-end-viceri\\src\\controllers\\tarefaController.js": {"path":"D:\\projetos-samuel\\projetos-viceri\\back-end-viceri\\src\\controllers\\tarefaController.js","statementMap":{"0":{"start":{"line":1,"column":16},"end":{"line":1,"column":18}},"1":{"start":{"line":2,"column":17},"end":{"line":2,"column":19}},"2":{"start":{"line":3,"column":14},"end":{"line":6,"column":1}},"3":{"start":{"line":8,"column":0},"end":{"line":8,"column":26}},"4":{"start":{"line":9,"column":0},"end":{"line":9,"column":28}},"5":{"start":{"line":10,"column":0},"end":{"line":10,"column":22}},"6":{"start":{"line":13,"column":0},"end":{"line":37,"column":2}},"7":{"start":{"line":14,"column":36},"end":{"line":14,"column":44}},"8":{"start":{"line":15,"column":20},"end":{"line":15,"column":34}},"9":{"start":{"line":17,"column":2},"end":{"line":19,"column":3}},"10":{"start":{"line":18,"column":4},"end":{"line":18,"column":85}},"11":{"start":{"line":21,"column":29},"end":{"line":21,"column":55}},"12":{"start":{"line":22,"column":2},"end":{"line":24,"column":3}},"13":{"start":{"line":23,"column":4},"end":{"line":23,"column":92}},"14":{"start":{"line":26,"column":21},"end":{"line":32,"column":3}},"15":{"start":{"line":34,"column":2},"end":{"line":34,"column":27}},"16":{"start":{"line":36,"column":2},"end":{"line":36,"column":86}},"17":{"start":{"line":40,"column":0},"end":{"line":60,"column":2}},"18":{"start":{"line":41,"column":20},"end":{"line":41,"column":34}},"19":{"start":{"line":42,"column":33},"end":{"line":42,"column":42}},"20":{"start":{"line":44,"column":18},"end":{"line":47,"column":3}},"21":{"start":{"line":45,"column":4},"end":{"line":46,"column":27}},"22":{"start":{"line":49,"column":2},"end":{"line":51,"column":3}},"23":{"start":{"line":50,"column":4},"end":{"line":50,"column":67}},"24":{"start":{"line":50,"column":38},"end":{"line":50,"column":65}},"25":{"start":{"line":53,"column":2},"end":{"line":55,"column":3}},"26":{"start":{"line":54,"column":4},"end":{"line":54,"column":59}},"27":{"start":{"line":54,"column":38},"end":{"line":54,"column":57}},"28":{"start":{"line":57,"column":2},"end":{"line":57,"column":40}},"29":{"start":{"line":57,"column":27},"end":{"line":57,"column":38}},"30":{"start":{"line":59,"column":2},"end":{"line":59,"column":22}},"31":{"start":{"line":63,"column":0},"end":{"line":85,"column":2}},"32":{"start":{"line":64,"column":33},"end":{"line":64,"column":41}},"33":{"start":{"line":66,"column":2},"end":{"line":68,"column":3}},"34":{"start":{"line":67,"column":4},"end":{"line":67,"column":82}},"35":{"start":{"line":70,"column":27},"end":{"line":70,"column":64}},"36":{"start":{"line":70,"column":46},"end":{"line":70,"column":63}},"37":{"start":{"line":71,"column":2},"end":{"line":73,"column":3}},"38":{"start":{"line":72,"column":4},"end":{"line":72,"column":65}},"39":{"start":{"line":75,"column":22},"end":{"line":80,"column":3}},"40":{"start":{"line":82,"column":2},"end":{"line":82,"column":29}},"41":{"start":{"line":84,"column":2},"end":{"line":84,"column":89}},"42":{"start":{"line":88,"column":0},"end":{"line":102,"column":2}},"43":{"start":{"line":89,"column":27},"end":{"line":89,"column":35}},"44":{"start":{"line":91,"column":18},"end":{"line":91,"column":55}},"45":{"start":{"line":91,"column":37},"end":{"line":91,"column":54}},"46":{"start":{"line":93,"column":2},"end":{"line":95,"column":3}},"47":{"start":{"line":94,"column":4},"end":{"line":94,"column":68}},"48":{"start":{"line":97,"column":2},"end":{"line":99,"column":3}},"49":{"start":{"line":98,"column":4},"end":{"line":98,"column":60}},"50":{"start":{"line":101,"column":2},"end":{"line":101,"column":97}}},"fnMap":{"0":{"name":"(anonymous_0)","decl":{"start":{"line":13,"column":22},"end":{"line":13,"column":23}},"loc":{"start":{"line":13,"column":36},"end":{"line":37,"column":1}},"line":13},"1":{"name":"(anonymous_1)","decl":{"start":{"line":40,"column":33},"end":{"line":40,"column":34}},"loc":{"start":{"line":40,"column":47},"end":{"line":60,"column":1}},"line":40},"2":{"name":"(anonymous_2)","decl":{"start":{"line":44,"column":33},"end":{"line":44,"column":34}},"loc":{"start":{"line":45,"column":4},"end":{"line":46,"column":27}},"line":45},"3":{"name":"(anonymous_3)","decl":{"start":{"line":50,"column":33},"end":{"line":50,"column":34}},"loc":{"start":{"line":50,"column":38},"end":{"line":50,"column":65}},"line":50},"4":{"name":"(anonymous_4)","decl":{"start":{"line":54,"column":33},"end":{"line":54,"column":34}},"loc":{"start":{"line":54,"column":38},"end":{"line":54,"column":57}},"line":54},"5":{"name":"(anonymous_5)","decl":{"start":{"line":57,"column":17},"end":{"line":57,"column":18}},"loc":{"start":{"line":57,"column":27},"end":{"line":57,"column":38}},"line":57},"6":{"name":"(anonymous_6)","decl":{"start":{"line":63,"column":20},"end":{"line":63,"column":21}},"loc":{"start":{"line":63,"column":34},"end":{"line":85,"column":1}},"line":63},"7":{"name":"(anonymous_7)","decl":{"start":{"line":70,"column":41},"end":{"line":70,"column":42}},"loc":{"start":{"line":70,"column":46},"end":{"line":70,"column":63}},"line":70},"8":{"name":"(anonymous_8)","decl":{"start":{"line":88,"column":16},"end":{"line":88,"column":17}},"loc":{"start":{"line":88,"column":30},"end":{"line":102,"column":1}},"line":88},"9":{"name":"(anonymous_9)","decl":{"start":{"line":91,"column":32},"end":{"line":91,"column":33}},"loc":{"start":{"line":91,"column":37},"end":{"line":91,"column":54}},"line":91}},"branchMap":{"0":{"loc":{"start":{"line":17,"column":2},"end":{"line":19,"column":3}},"type":"if","locations":[{"start":{"line":17,"column":2},"end":{"line":19,"column":3}},{"start":{},"end":{}}],"line":17},"1":{"loc":{"start":{"line":17,"column":6},"end":{"line":17,"column":31}},"type":"binary-expr","locations":[{"start":{"line":17,"column":6},"end":{"line":17,"column":16}},{"start":{"line":17,"column":20},"end":{"line":17,"column":31}}],"line":17},"2":{"loc":{"start":{"line":22,"column":2},"end":{"line":24,"column":3}},"type":"if","locations":[{"start":{"line":22,"column":2},"end":{"line":24,"column":3}},{"start":{},"end":{}}],"line":22},"3":{"loc":{"start":{"line":45,"column":4},"end":{"line":46,"column":27}},"type":"binary-expr","locations":[{"start":{"line":45,"column":4},"end":{"line":45,"column":29}},{"start":{"line":46,"column":4},"end":{"line":46,"column":27}}],"line":45},"4":{"loc":{"start":{"line":49,"column":2},"end":{"line":51,"column":3}},"type":"if","locations":[{"start":{"line":49,"column":2},"end":{"line":51,"column":3}},{"start":{},"end":{}}],"line":49},"5":{"loc":{"start":{"line":53,"column":2},"end":{"line":55,"column":3}},"type":"if","locations":[{"start":{"line":53,"column":2},"end":{"line":55,"column":3}},{"start":{},"end":{}}],"line":53},"6":{"loc":{"start":{"line":66,"column":2},"end":{"line":68,"column":3}},"type":"if","locations":[{"start":{"line":66,"column":2},"end":{"line":68,"column":3}},{"start":{},"end":{}}],"line":66},"7":{"loc":{"start":{"line":66,"column":6},"end":{"line":66,"column":31}},"type":"binary-expr","locations":[{"start":{"line":66,"column":6},"end":{"line":66,"column":11}},{"start":{"line":66,"column":15},"end":{"line":66,"column":21}},{"start":{"line":66,"column":25},"end":{"line":66,"column":31}}],"line":66},"8":{"loc":{"start":{"line":71,"column":2},"end":{"line":73,"column":3}},"type":"if","locations":[{"start":{"line":71,"column":2},"end":{"line":73,"column":3}},{"start":{},"end":{}}],"line":71},"9":{"loc":{"start":{"line":93,"column":2},"end":{"line":95,"column":3}},"type":"if","locations":[{"start":{"line":93,"column":2},"end":{"line":95,"column":3}},{"start":{},"end":{}}],"line":93},"10":{"loc":{"start":{"line":97,"column":2},"end":{"line":99,"column":3}},"type":"if","locations":[{"start":{"line":97,"column":2},"end":{"line":99,"column":3}},{"start":{},"end":{}}],"line":97}},"s":{"0":2,"1":2,"2":2,"3":2,"4":2,"5":2,"6":2,"7":3,"8":3,"9":3,"10":1,"11":2,"12":2,"13":1,"14":1,"15":1,"16":1,"17":2,"18":2,"19":2,"20":2,"21":8,"22":2,"23":1,"24":2,"25":2,"26":0,"27":0,"28":2,"29":1,"30":2,"31":2,"32":2,"33":2,"34":0,"35":2,"36":1,"37":2,"38":1,"39":1,"40":1,"41":1,"42":2,"43":3,"44":3,"45":2,"46":3,"47":1,"48":2,"49":1,"50":1},"f":{"0":3,"1":2,"2":8,"3":2,"4":0,"5":1,"6":2,"7":1,"8":3,"9":2},"b":{"0":[1,2],"1":[3,2],"2":[1,1],"3":[8,6],"4":[1,1],"5":[0,2],"6":[0,2],"7":[2,2,2],"8":[1,1],"9":[1,2],"10":[1,1]},"_coverageSchema":"1a1c01bbd47fc00a2c39e90264f33305004495a9","hash":"ff2671533995d19a164f77709b377a777350f2b3"}
,"D:\\projetos-samuel\\projetos-viceri\\back-end-viceri\\src\\controllers\\usuarioController.js": {"path":"D:\\projetos-samuel\\projetos-viceri\\back-end-viceri\\src\\controllers\\usuarioController.js","statementMap":{"0":{"start":{"line":1,"column":15},"end":{"line":1,"column":32}},"1":{"start":{"line":2,"column":12},"end":{"line":2,"column":35}},"2":{"start":{"line":4,"column":17},"end":{"line":4,"column":19}},"3":{"start":{"line":6,"column":0},"end":{"line":25,"column":2}},"4":{"start":{"line":7,"column":33},"end":{"line":7,"column":41}},"5":{"start":{"line":9,"column":2},"end":{"line":11,"column":3}},"6":{"start":{"line":9,"column":25},"end":{"line":9,"column":42}},"7":{"start":{"line":10,"column":4},"end":{"line":10,"column":65}},"8":{"start":{"line":13,"column":20},"end":{"line":13,"column":48}},"9":{"start":{"line":15,"column":22},"end":{"line":20,"column":3}},"10":{"start":{"line":22,"column":2},"end":{"line":22,"column":29}},"11":{"start":{"line":24,"column":2},"end":{"line":24,"column":67}},"12":{"start":{"line":27,"column":0},"end":{"line":41,"column":2}},"13":{"start":{"line":28,"column":2},"end":{"line":28,"column":62}},"14":{"start":{"line":30,"column":27},"end":{"line":30,"column":35}},"15":{"start":{"line":32,"column":18},"end":{"line":32,"column":55}},"16":{"start":{"line":32,"column":37},"end":{"line":32,"column":54}},"17":{"start":{"line":33,"column":2},"end":{"line":33,"column":80}},"18":{"start":{"line":33,"column":16},"end":{"line":33,"column":80}},"19":{"start":{"line":35,"column":22},"end":{"line":35,"column":64}},"20":{"start":{"line":36,"column":2},"end":{"line":36,"column":76}},"21":{"start":{"line":36,"column":20},"end":{"line":36,"column":76}},"22":{"start":{"line":38,"column":16},"end":{"line":38,"column":89}},"23":{"start":{"line":40,"column":2},"end":{"line":40,"column":22}},"24":{"start":{"line":44,"column":0},"end":{"line":44,"column":28}}},"fnMap":{"0":{"name":"(anonymous_0)","decl":{"start":{"line":6,"column":20},"end":{"line":6,"column":21}},"loc":{"start":{"line":6,"column":40},"end":{"line":25,"column":1}},"line":6},"1":{"name":"(anonymous_1)","decl":{"start":{"line":9,"column":20},"end":{"line":9,"column":21}},"loc":{"start":{"line":9,"column":25},"end":{"line":9,"column":42}},"line":9},"2":{"name":"(anonymous_2)","decl":{"start":{"line":27,"column":16},"end":{"line":27,"column":17}},"loc":{"start":{"line":27,"column":36},"end":{"line":41,"column":1}},"line":27},"3":{"name":"(anonymous_3)","decl":{"start":{"line":32,"column":32},"end":{"line":32,"column":33}},"loc":{"start":{"line":32,"column":37},"end":{"line":32,"column":54}},"line":32}},"branchMap":{"0":{"loc":{"start":{"line":9,"column":2},"end":{"line":11,"column":3}},"type":"if","locations":[{"start":{"line":9,"column":2},"end":{"line":11,"column":3}},{"start":{},"end":{}}],"line":9},"1":{"loc":{"start":{"line":33,"column":2},"end":{"line":33,"column":80}},"type":"if","locations":[{"start":{"line":33,"column":2},"end":{"line":33,"column":80}},{"start":{},"end":{}}],"line":33},"2":{"loc":{"start":{"line":36,"column":2},"end":{"line":36,"column":76}},"type":"if","locations":[{"start":{"line":36,"column":2},"end":{"line":36,"column":76}},{"start":{},"end":{}}],"line":36}},"s":{"0":2,"1":2,"2":2,"3":2,"4":2,"5":2,"6":1,"7":1,"8":1,"9":1,"10":1,"11":1,"12":2,"13":3,"14":3,"15":3,"16":2,"17":3,"18":1,"19":2,"20":2,"21":1,"22":1,"23":1,"24":2},"f":{"0":2,"1":1,"2":3,"3":2},"b":{"0":[1,1],"1":[1,2],"2":[1,1]},"_coverageSchema":"1a1c01bbd47fc00a2c39e90264f33305004495a9","hash":"a7c17f7482f548d1d69b9aa878d5d0ca7f9a202f"}
,"D:\\projetos-samuel\\projetos-viceri\\back-end-viceri\\src\\database\\connection.js": {"path":"D:\\projetos-samuel\\projetos-viceri\\back-end-viceri\\src\\database\\connection.js","statementMap":{"0":{"start":{"line":1,"column":13},"end":{"line":1,"column":28}},"1":{"start":{"line":2,"column":15},"end":{"line":2,"column":36}},"2":{"start":{"line":4,"column":20},"end":{"line":4,"column":57}},"3":{"start":{"line":6,"column":0},"end":{"line":8,"column":1}},"4":{"start":{"line":7,"column":2},"end":{"line":7,"column":93}},"5":{"start":{"line":10,"column":19},"end":{"line":10,"column":44}},"6":{"start":{"line":12,"column":0},"end":{"line":12,"column":28}}},"fnMap":{},"branchMap":{"0":{"loc":{"start":{"line":4,"column":20},"end":{"line":4,"column":57}},"type":"binary-expr","locations":[{"start":{"line":4,"column":20},"end":{"line":4,"column":40}},{"start":{"line":4,"column":44},"end":{"line":4,"column":57}}],"line":4},"1":{"loc":{"start":{"line":6,"column":0},"end":{"line":8,"column":1}},"type":"if","locations":[{"start":{"line":6,"column":0},"end":{"line":8,"column":1}},{"start":{},"end":{}}],"line":6}},"s":{"0":1,"1":1,"2":1,"3":1,"4":0,"5":1,"6":1},"f":{},"b":{"0":[1,0],"1":[0,1]},"_coverageSchema":"1a1c01bbd47fc00a2c39e90264f33305004495a9","hash":"d7e8612c4f702d773f8a61f8aba52f4392b1ebb7"}
,"D:\\projetos-samuel\\projetos-viceri\\back-end-viceri\\src\\database\\knexfile.js": {"path":"D:\\projetos-samuel\\projetos-viceri\\back-end-viceri\\src\\database\\knexfile.js","statementMap":{"0":{"start":{"line":1,"column":13},"end":{"line":1,"column":28}},"1":{"start":{"line":3,"column":19},"end":{"line":12,"column":1}},"2":{"start":{"line":14,"column":0},"end":{"line":17,"column":2}}},"fnMap":{},"branchMap":{},"s":{"0":1,"1":1,"2":1},"f":{},"b":{},"_coverageSchema":"1a1c01bbd47fc00a2c39e90264f33305004495a9","hash":"d4119502ddf59df15c907716549482c2b1a714ab"}
,"D:\\projetos-samuel\\projetos-viceri\\back-end-viceri\\src\\database\\migrations\\20250609_create_tarefas.js": {"path":"D:\\projetos-samuel\\projetos-viceri\\back-end-viceri\\src\\database\\migrations\\20250609_create_tarefas.js","statementMap":{"0":{"start":{"line":1,"column":0},"end":{"line":11,"column":2}},"1":{"start":{"line":2,"column":2},"end":{"line":10,"column":5}},"2":{"start":{"line":3,"column":4},"end":{"line":3,"column":37}},"3":{"start":{"line":4,"column":4},"end":{"line":4,"column":44}},"4":{"start":{"line":5,"column":4},"end":{"line":5,"column":45}},"5":{"start":{"line":6,"column":4},"end":{"line":8,"column":27}},"6":{"start":{"line":9,"column":4},"end":{"line":9,"column":49}},"7":{"start":{"line":13,"column":0},"end":{"line":15,"column":2}},"8":{"start":{"line":14,"column":2},"end":{"line":14,"column":42}}},"fnMap":{"0":{"name":"(anonymous_0)","decl":{"start":{"line":1,"column":13},"end":{"line":1,"column":14}},"loc":{"start":{"line":1,"column":28},"end":{"line":11,"column":1}},"line":1},"1":{"name":"(anonymous_1)","decl":{"start":{"line":2,"column":44},"end":{"line":2,"column":45}},"loc":{"start":{"line":2,"column":60},"end":{"line":10,"column":3}},"line":2},"2":{"name":"(anonymous_2)","decl":{"start":{"line":13,"column":15},"end":{"line":13,"column":16}},"loc":{"start":{"line":13,"column":30},"end":{"line":15,"column":1}},"line":13}},"branchMap":{},"s":{"0":1,"1":1,"2":1,"3":1,"4":1,"5":1,"6":1,"7":1,"8":1},"f":{"0":1,"1":1,"2":1},"b":{},"_coverageSchema":"1a1c01bbd47fc00a2c39e90264f33305004495a9","hash":"6095a654dc5a7cca91610dfea4ad8f72ba251f58"}
,"D:\\projetos-samuel\\projetos-viceri\\back-end-viceri\\src\\database\\migrations\\20250609_create_usuarios.js": {"path":"D:\\projetos-samuel\\projetos-viceri\\back-end-viceri\\src\\database\\migrations\\20250609_create_usuarios.js","statementMap":{"0":{"start":{"line":1,"column":0},"end":{"line":8,"column":2}},"1":{"start":{"line":2,"column":2},"end":{"line":7,"column":5}},"2":{"start":{"line":3,"column":4},"end":{"line":3,"column":37}},"3":{"start":{"line":4,"column":4},"end":{"line":4,"column":39}},"4":{"start":{"line":5,"column":4},"end":{"line":5,"column":49}},"5":{"start":{"line":6,"column":4},"end":{"line":6,"column":40}},"6":{"start":{"line":10,"column":0},"end":{"line":12,"column":2}},"7":{"start":{"line":11,"column":2},"end":{"line":11,"column":43}}},"fnMap":{"0":{"name":"(anonymous_0)","decl":{"start":{"line":1,"column":13},"end":{"line":1,"column":14}},"loc":{"start":{"line":1,"column":28},"end":{"line":8,"column":1}},"line":1},"1":{"name":"(anonymous_1)","decl":{"start":{"line":2,"column":45},"end":{"line":2,"column":46}},"loc":{"start":{"line":2,"column":61},"end":{"line":7,"column":3}},"line":2},"2":{"name":"(anonymous_2)","decl":{"start":{"line":10,"column":15},"end":{"line":10,"column":16}},"loc":{"start":{"line":10,"column":30},"end":{"line":12,"column":1}},"line":10}},"branchMap":{},"s":{"0":1,"1":1,"2":1,"3":1,"4":1,"5":1,"6":1,"7":1},"f":{"0":1,"1":1,"2":1},"b":{},"_coverageSchema":"1a1c01bbd47fc00a2c39e90264f33305004495a9","hash":"a003121ea61d5873105dbeea7f2b3d8c1fc52848"}
,"D:\\projetos-samuel\\projetos-viceri\\back-end-viceri\\src\\middlewares\\authMiddleware.js": {"path":"D:\\projetos-samuel\\projetos-viceri\\back-end-viceri\\src\\middlewares\\authMiddleware.js","statementMap":{"0":{"start":{"line":1,"column":12},"end":{"line":1,"column":35}},"1":{"start":{"line":4,"column":21},"end":{"line":4,"column":49}},"2":{"start":{"line":5,"column":16},"end":{"line":5,"column":54}},"3":{"start":{"line":7,"column":2},"end":{"line":7,"column":75}},"4":{"start":{"line":7,"column":14},"end":{"line":7,"column":75}},"5":{"start":{"line":9,"column":2},"end":{"line":13,"column":5}},"6":{"start":{"line":10,"column":4},"end":{"line":10,"column":69}},"7":{"start":{"line":10,"column":13},"end":{"line":10,"column":69}},"8":{"start":{"line":11,"column":4},"end":{"line":11,"column":26}},"9":{"start":{"line":12,"column":4},"end":{"line":12,"column":11}},"10":{"start":{"line":16,"column":0},"end":{"line":16,"column":33}}},"fnMap":{"0":{"name":"autenticarToken","decl":{"start":{"line":3,"column":9},"end":{"line":3,"column":24}},"loc":{"start":{"line":3,"column":41},"end":{"line":14,"column":1}},"line":3},"1":{"name":"(anonymous_1)","decl":{"start":{"line":9,"column":44},"end":{"line":9,"column":45}},"loc":{"start":{"line":9,"column":62},"end":{"line":13,"column":3}},"line":9}},"branchMap":{"0":{"loc":{"start":{"line":5,"column":16},"end":{"line":5,"column":54}},"type":"binary-expr","locations":[{"start":{"line":5,"column":16},"end":{"line":5,"column":26}},{"start":{"line":5,"column":30},"end":{"line":5,"column":54}}],"line":5},"1":{"loc":{"start":{"line":7,"column":2},"end":{"line":7,"column":75}},"type":"if","locations":[{"start":{"line":7,"column":2},"end":{"line":7,"column":75}},{"start":{},"end":{}}],"line":7},"2":{"loc":{"start":{"line":10,"column":4},"end":{"line":10,"column":69}},"type":"if","locations":[{"start":{"line":10,"column":4},"end":{"line":10,"column":69}},{"start":{},"end":{}}],"line":10}},"s":{"0":2,"1":3,"2":3,"3":3,"4":1,"5":2,"6":2,"7":1,"8":1,"9":1,"10":2},"f":{"0":3,"1":2},"b":{"0":[3,2],"1":[1,2],"2":[1,1]},"_coverageSchema":"1a1c01bbd47fc00a2c39e90264f33305004495a9","hash":"ef007cba69833c58a343ad015f2562d5e06c232d"}
,"D:\\projetos-samuel\\projetos-viceri\\back-end-viceri\\src\\routes\\tarefaRoutes.js": {"path":"D:\\projetos-samuel\\projetos-viceri\\back-end-viceri\\src\\routes\\tarefaRoutes.js","statementMap":{"0":{"start":{"line":79,"column":16},"end":{"line":79,"column":34}},"1":{"start":{"line":80,"column":15},"end":{"line":80,"column":31}},"2":{"start":{"line":81,"column":25},"end":{"line":81,"column":67}},"3":{"start":{"line":82,"column":24},"end":{"line":82,"column":64}},"4":{"start":{"line":84,"column":0},"end":{"line":84,"column":64}},"5":{"start":{"line":85,"column":0},"end":{"line":85,"column":74}},"6":{"start":{"line":87,"column":0},"end":{"line":87,"column":24}}},"fnMap":{},"branchMap":{},"s":{"0":1,"1":1,"2":1,"3":1,"4":1,"5":1,"6":1},"f":{},"b":{},"_coverageSchema":"1a1c01bbd47fc00a2c39e90264f33305004495a9","hash":"cf1ba37e82dae08b9fe577ca3f698ba138d3511d"}
,"D:\\projetos-samuel\\projetos-viceri\\back-end-viceri\\src\\routes\\usuarioRoutes.js": {"path":"D:\\projetos-samuel\\projetos-viceri\\back-end-viceri\\src\\routes\\usuarioRoutes.js","statementMap":{"0":{"start":{"line":72,"column":16},"end":{"line":72,"column":34}},"1":{"start":{"line":73,"column":15},"end":{"line":73,"column":31}},"2":{"start":{"line":74,"column":26},"end":{"line":74,"column":69}},"3":{"start":{"line":76,"column":0},"end":{"line":76,"column":54}},"4":{"start":{"line":77,"column":0},"end":{"line":77,"column":47}},"5":{"start":{"line":79,"column":0},"end":{"line":79,"column":24}}},"fnMap":{},"branchMap":{},"s":{"0":1,"1":1,"2":1,"3":1,"4":1,"5":1},"f":{},"b":{},"_coverageSchema":"1a1c01bbd47fc00a2c39e90264f33305004495a9","hash":"e5c895beaf56d8191528bb59af097bf9fe7cce2d"}
}
