TN:
SF:src\index.js
FN:48,(anonymous_0)
FN:63,(anonymous_1)
FN:68,(anonymous_2)
FNF:3
FNH:2
FNDA:1,(anonymous_0)
FNDA:0,(anonymous_1)
FNDA:1,(anonymous_2)
DA:1,1
DA:2,1
DA:3,1
DA:5,1
DA:6,1
DA:8,1
DA:9,1
DA:10,1
DA:12,1
DA:39,1
DA:41,1
DA:43,1
DA:45,1
DA:46,1
DA:48,1
DA:63,1
DA:64,0
DA:67,1
DA:68,1
DA:70,1
LF:20
LH:19
BRDA:67,0,0,1
BRDA:67,0,1,1
BRF:2
BRH:2
end_of_record
TN:
SF:src\swagger.js
FN:19,setupSwagger
FNF:1
FNH:1
FNDA:1,setupSwagger
DA:1,1
DA:2,1
DA:4,1
DA:17,1
DA:20,1
DA:23,1
LF:6
LH:6
BRF:0
BRH:0
end_of_record
TN:
SF:src\controllers\tarefaController.js
FN:13,(anonymous_0)
FN:40,(anonymous_1)
FN:44,(anonymous_2)
FN:50,(anonymous_3)
FN:54,(anonymous_4)
FN:57,(anonymous_5)
FN:63,(anonymous_6)
FN:70,(anonymous_7)
FN:88,(anonymous_8)
FN:91,(anonymous_9)
FNF:10
FNH:9
FNDA:3,(anonymous_0)
FNDA:2,(anonymous_1)
FNDA:8,(anonymous_2)
FNDA:2,(anonymous_3)
FNDA:0,(anonymous_4)
FNDA:1,(anonymous_5)
FNDA:2,(anonymous_6)
FNDA:1,(anonymous_7)
FNDA:3,(anonymous_8)
FNDA:2,(anonymous_9)
DA:1,2
DA:2,2
DA:3,2
DA:8,2
DA:9,2
DA:10,2
DA:13,2
DA:14,3
DA:15,3
DA:17,3
DA:18,1
DA:21,2
DA:22,2
DA:23,1
DA:26,1
DA:34,1
DA:36,1
DA:40,2
DA:41,2
DA:42,2
DA:44,2
DA:45,8
DA:49,2
DA:50,2
DA:53,2
DA:54,0
DA:57,2
DA:59,2
DA:63,2
DA:64,2
DA:66,2
DA:67,0
DA:70,2
DA:71,2
DA:72,1
DA:75,1
DA:82,1
DA:84,1
DA:88,2
DA:89,3
DA:91,3
DA:93,3
DA:94,1
DA:97,2
DA:98,1
DA:101,1
LF:46
LH:44
BRDA:17,0,0,1
BRDA:17,0,1,2
BRDA:17,1,0,3
BRDA:17,1,1,2
BRDA:22,2,0,1
BRDA:22,2,1,1
BRDA:45,3,0,8
BRDA:45,3,1,6
BRDA:49,4,0,1
BRDA:49,4,1,1
BRDA:53,5,0,0
BRDA:53,5,1,2
BRDA:66,6,0,0
BRDA:66,6,1,2
BRDA:66,7,0,2
BRDA:66,7,1,2
BRDA:66,7,2,2
BRDA:71,8,0,1
BRDA:71,8,1,1
BRDA:93,9,0,1
BRDA:93,9,1,2
BRDA:97,10,0,1
BRDA:97,10,1,1
BRF:23
BRH:21
end_of_record
TN:
SF:src\controllers\usuarioController.js
FN:6,(anonymous_0)
FN:9,(anonymous_1)
FN:27,(anonymous_2)
FN:32,(anonymous_3)
FNF:4
FNH:4
FNDA:2,(anonymous_0)
FNDA:1,(anonymous_1)
FNDA:3,(anonymous_2)
FNDA:2,(anonymous_3)
DA:1,2
DA:2,2
DA:4,2
DA:6,2
DA:7,2
DA:9,2
DA:10,1
DA:13,1
DA:15,1
DA:22,1
DA:24,1
DA:27,2
DA:28,3
DA:30,3
DA:32,3
DA:33,3
DA:35,2
DA:36,2
DA:38,1
DA:40,1
DA:43,2
LF:21
LH:21
BRDA:9,0,0,1
BRDA:9,0,1,1
BRDA:33,1,0,1
BRDA:33,1,1,2
BRDA:36,2,0,1
BRDA:36,2,1,1
BRF:6
BRH:6
end_of_record
TN:
SF:src\database\connection.js
FNF:0
FNH:0
DA:1,1
DA:2,1
DA:4,1
DA:6,1
DA:7,0
DA:10,1
DA:12,1
LF:7
LH:6
BRDA:4,0,0,1
BRDA:4,0,1,0
BRDA:6,1,0,0
BRDA:6,1,1,1
BRF:4
BRH:2
end_of_record
TN:
SF:src\database\knexfile.js
FNF:0
FNH:0
DA:1,1
DA:3,1
DA:14,1
LF:3
LH:3
BRF:0
BRH:0
end_of_record
TN:
SF:src\database\migrations\20250609_create_tarefas.js
FN:1,(anonymous_0)
FN:2,(anonymous_1)
FN:13,(anonymous_2)
FNF:3
FNH:3
FNDA:1,(anonymous_0)
FNDA:1,(anonymous_1)
FNDA:1,(anonymous_2)
DA:1,1
DA:2,1
DA:3,1
DA:4,1
DA:5,1
DA:6,1
DA:9,1
DA:13,1
DA:14,1
LF:9
LH:9
BRF:0
BRH:0
end_of_record
TN:
SF:src\database\migrations\20250609_create_usuarios.js
FN:1,(anonymous_0)
FN:2,(anonymous_1)
FN:10,(anonymous_2)
FNF:3
FNH:3
FNDA:1,(anonymous_0)
FNDA:1,(anonymous_1)
FNDA:1,(anonymous_2)
DA:1,1
DA:2,1
DA:3,1
DA:4,1
DA:5,1
DA:6,1
DA:10,1
DA:11,1
LF:8
LH:8
BRF:0
BRH:0
end_of_record
TN:
SF:src\middlewares\authMiddleware.js
FN:3,autenticarToken
FN:9,(anonymous_1)
FNF:2
FNH:2
FNDA:3,autenticarToken
FNDA:2,(anonymous_1)
DA:1,2
DA:4,3
DA:5,3
DA:7,3
DA:9,2
DA:10,2
DA:11,1
DA:12,1
DA:16,2
LF:9
LH:9
BRDA:5,0,0,3
BRDA:5,0,1,2
BRDA:7,1,0,1
BRDA:7,1,1,2
BRDA:10,2,0,1
BRDA:10,2,1,1
BRF:6
BRH:6
end_of_record
TN:
SF:src\routes\tarefaRoutes.js
FNF:0
FNH:0
DA:79,1
DA:80,1
DA:81,1
DA:82,1
DA:84,1
DA:85,1
DA:87,1
LF:7
LH:7
BRF:0
BRH:0
end_of_record
TN:
SF:src\routes\usuarioRoutes.js
FNF:0
FNH:0
DA:72,1
DA:73,1
DA:74,1
DA:76,1
DA:77,1
DA:79,1
LF:6
LH:6
BRF:0
BRH:0
end_of_record
